<?xml version="1.0" encoding="UTF-8"?>
<testng-results ignored="0" total="1" passed="1" failed="0" skipped="0">
  <reporter-output>
  </reporter-output>
  <suite started-at="2024-06-07T16:17:08 IST" name="Default suite" finished-at="2024-06-07T16:17:08 IST" duration-ms="101">
    <groups>
    </groups>
    <test started-at="2024-06-07T16:17:08 IST" name="Default test" finished-at="2024-06-07T16:17:08 IST" duration-ms="101">
      <class name="sample.MainTest">
        <test-method signature="mTest()[pri:0, instance:sample.MainTest@3e27aa33]" started-at="2024-06-07T16:17:08 IST" name="mTest" finished-at="2024-06-07T16:17:08 IST" duration-ms="21" status="PASS">
          <reporter-output>
          </reporter-output>
        </test-method> <!-- mTest -->
      </class> <!-- sample.MainTest -->
    </test> <!-- Default test -->
  </suite> <!-- Default suite -->
</testng-results>
